<?xml version="1.0" encoding="UTF-8"?>
<!-- Generated by org.testng.reporters.JUnitReportReporter -->
<testsuite skipped="0" hostname="Sumedha" name="com.facebook.Testcase.Login" tests="1" failures="0" timestamp="25 Jun 2019 12:54:31 GMT" time="69.060" errors="0">
  <testcase name="successLogin" time="69.060" classname="com.facebook.Testcase.Login"/>
</testsuite> <!-- com.facebook.Testcase.Login -->
