<?xml version="1.0" encoding="UTF-8"?>
<!-- Generated by org.testng.reporters.JUnitReportReporter -->
<testsuite skipped="0" hostname="Sumedha" name="com.facebook.Testcase.Login2" tests="1" failures="0" timestamp="25 Jun 2019 14:27:16 GMT" time="38.535" errors="0">
  <testcase name="successLogin" time="38.535" classname="com.facebook.Testcase.Login2"/>
</testsuite> <!-- com.facebook.Testcase.Login2 -->
